<html>
<body>
<pre>
<h1>Build Log</h1>
<h3>
--------------------Configuration: test4 - Win32 Debug--------------------
</h3>
<h3>Command Lines</h3>
Creating temporary file "C:\Users\w10\AppData\Local\Temp\RSPFDFF.tmp" with contents
[
kernel32.lib user32.lib gdi32.lib winspool.lib comdlg32.lib advapi32.lib shell32.lib ole32.lib oleaut32.lib uuid.lib odbc32.lib odbccp32.lib /nologo /subsystem:console /incremental:yes /pdb:"Debug/test4.pdb" /debug /machine:I386 /out:"Debug/test4.exe" /pdbtype:sept 
".\Debug\test4.obj"
]
Creating command line "link.exe @C:\Users\w10\AppData\Local\Temp\RSPFDFF.tmp"
<h3>Output Window</h3>
Linking...
test4.obj : error LNK2001: unresolved external symbol _scanf_s
Debug/test4.exe : fatal error LNK1120: 1 unresolved externals
Ö´ÐÐ link.exe Ê±³ö´í.



<h3>Results</h3>
test4.exe - 1 error(s), 0 warning(s)
</pre>
</body>
</html>
